The system is: Linux - 3.7.9-104.fc17.x86_64 - x86_64
Compiling the C compiler identification source file "CMakeCCompilerId.c" succeeded.
Compiler: /usr/lib64/ccache/gcc 
Build flags: 
Id flags: 

The output was:
0


Compilation of the C compiler identification source "CMakeCCompilerId.c" produced "a.out"

The C compiler identification is GNU, found in "/home/lambda2/Developpement/c++/Qt/VAE/Sources/Ogre/CMakeFiles/CompilerIdC/a.out"

Compiling the CXX compiler identification source file "CMakeCXXCompilerId.cpp" succeeded.
Compiler: /usr/lib64/ccache/c++ 
Build flags: 
Id flags: 

The output was:
0


Compilation of the CXX compiler identification source "CMakeCXXCompilerId.cpp" produced "a.out"

The CXX compiler identification is GNU, found in "/home/lambda2/Developpement/c++/Qt/VAE/Sources/Ogre/CMakeFiles/CompilerIdCXX/a.out"

Determining if the C compiler works passed with the following output:
Change Dir: /home/lambda2/Developpement/c++/Qt/VAE/Sources/Ogre/CMakeFiles/CMakeTmp

Run Build Command:/usr/bin/gmake "cmTryCompileExec523040113/fast"
/usr/bin/gmake -f CMakeFiles/cmTryCompileExec523040113.dir/build.make CMakeFiles/cmTryCompileExec523040113.dir/build
gmake[1] : on entre dans le répertoire « /home/lambda2/Developpement/c++/Qt/VAE/Sources/Ogre/CMakeFiles/CMakeTmp »
/usr/bin/cmake -E cmake_progress_report /home/lambda2/Developpement/c++/Qt/VAE/Sources/Ogre/CMakeFiles/CMakeTmp/CMakeFiles 1
Building C object CMakeFiles/cmTryCompileExec523040113.dir/testCCompiler.c.o
/usr/lib64/ccache/gcc    -o CMakeFiles/cmTryCompileExec523040113.dir/testCCompiler.c.o   -c /home/lambda2/Developpement/c++/Qt/VAE/Sources/Ogre/CMakeFiles/CMakeTmp/testCCompiler.c
Linking C executable cmTryCompileExec523040113
/usr/bin/cmake -E cmake_link_script CMakeFiles/cmTryCompileExec523040113.dir/link.txt --verbose=1
/usr/lib64/ccache/gcc         CMakeFiles/cmTryCompileExec523040113.dir/testCCompiler.c.o  -o cmTryCompileExec523040113 -rdynamic 
gmake[1] : on quitte le répertoire « /home/lambda2/Developpement/c++/Qt/VAE/Sources/Ogre/CMakeFiles/CMakeTmp »


Detecting C compiler ABI info compiled with the following output:
Change Dir: /home/lambda2/Developpement/c++/Qt/VAE/Sources/Ogre/CMakeFiles/CMakeTmp

Run Build Command:/usr/bin/gmake "cmTryCompileExec2064572346/fast"
/usr/bin/gmake -f CMakeFiles/cmTryCompileExec2064572346.dir/build.make CMakeFiles/cmTryCompileExec2064572346.dir/build
gmake[1] : on entre dans le répertoire « /home/lambda2/Developpement/c++/Qt/VAE/Sources/Ogre/CMakeFiles/CMakeTmp »
/usr/bin/cmake -E cmake_progress_report /home/lambda2/Developpement/c++/Qt/VAE/Sources/Ogre/CMakeFiles/CMakeTmp/CMakeFiles 1
Building C object CMakeFiles/cmTryCompileExec2064572346.dir/CMakeCCompilerABI.c.o
/usr/lib64/ccache/gcc    -o CMakeFiles/cmTryCompileExec2064572346.dir/CMakeCCompilerABI.c.o   -c /usr/share/cmake/Modules/CMakeCCompilerABI.c
Linking C executable cmTryCompileExec2064572346
/usr/bin/cmake -E cmake_link_script CMakeFiles/cmTryCompileExec2064572346.dir/link.txt --verbose=1
/usr/lib64/ccache/gcc       -v CMakeFiles/cmTryCompileExec2064572346.dir/CMakeCCompilerABI.c.o  -o cmTryCompileExec2064572346 -rdynamic  
Utilisation des specs internes.
COLLECT_GCC=/usr/bin/gcc
COLLECT_LTO_WRAPPER=/usr/libexec/gcc/x86_64-redhat-linux/4.7.2/lto-wrapper
Target: x86_64-redhat-linux
Configuré avec: ../configure --prefix=/usr --mandir=/usr/share/man --infodir=/usr/share/info --with-bugurl=http://bugzilla.redhat.com/bugzilla --enable-bootstrap --enable-shared --enable-threads=posix --enable-checking=release --disable-build-with-cxx --disable-build-poststage1-with-cxx --with-system-zlib --enable-__cxa_atexit --disable-libunwind-exceptions --enable-gnu-unique-object --enable-linker-build-id --with-linker-hash-style=gnu --enable-languages=c,c++,objc,obj-c++,java,fortran,ada,go,lto --enable-plugin --enable-initfini-array --enable-java-awt=gtk --disable-dssi --with-java-home=/usr/lib/jvm/java-1.5.0-gcj-1.5.0.0/jre --enable-libgcj-multifile --enable-java-maintainer-mode --with-ecj-jar=/usr/share/java/eclipse-ecj.jar --disable-libjava-multilib --with-ppl --with-cloog --with-tune=generic --with-arch_32=i686 --build=x86_64-redhat-linux
Modèle de thread: posix
gcc version 4.7.2 20120921 (Red Hat 4.7.2-2) (GCC) 
COMPILER_PATH=/usr/libexec/gcc/x86_64-redhat-linux/4.7.2/:/usr/libexec/gcc/x86_64-redhat-linux/4.7.2/:/usr/libexec/gcc/x86_64-redhat-linux/:/usr/lib/gcc/x86_64-redhat-linux/4.7.2/:/usr/lib/gcc/x86_64-redhat-linux/
LIBRARY_PATH=/usr/lib/gcc/x86_64-redhat-linux/4.7.2/:/usr/lib/gcc/x86_64-redhat-linux/4.7.2/../../../../lib64/:/lib/../lib64/:/usr/lib/../lib64/:/usr/lib/gcc/x86_64-redhat-linux/4.7.2/../../../:/lib/:/usr/lib/
COLLECT_GCC_OPTIONS='-v' '-o' 'cmTryCompileExec2064572346' '-rdynamic' '-mtune=generic' '-march=x86-64'
 /usr/libexec/gcc/x86_64-redhat-linux/4.7.2/collect2 --build-id --no-add-needed --eh-frame-hdr --hash-style=gnu -m elf_x86_64 -export-dynamic -dynamic-linker /lib64/ld-linux-x86-64.so.2 -o cmTryCompileExec2064572346 /usr/lib/gcc/x86_64-redhat-linux/4.7.2/../../../../lib64/crt1.o /usr/lib/gcc/x86_64-redhat-linux/4.7.2/../../../../lib64/crti.o /usr/lib/gcc/x86_64-redhat-linux/4.7.2/crtbegin.o -L/usr/lib/gcc/x86_64-redhat-linux/4.7.2 -L/usr/lib/gcc/x86_64-redhat-linux/4.7.2/../../../../lib64 -L/lib/../lib64 -L/usr/lib/../lib64 -L/usr/lib/gcc/x86_64-redhat-linux/4.7.2/../../.. CMakeFiles/cmTryCompileExec2064572346.dir/CMakeCCompilerABI.c.o -lgcc --as-needed -lgcc_s --no-as-needed -lc -lgcc --as-needed -lgcc_s --no-as-needed /usr/lib/gcc/x86_64-redhat-linux/4.7.2/crtend.o /usr/lib/gcc/x86_64-redhat-linux/4.7.2/../../../../lib64/crtn.o
gmake[1] : on quitte le répertoire « /home/lambda2/Developpement/c++/Qt/VAE/Sources/Ogre/CMakeFiles/CMakeTmp »


Parsed C implicit link information from above output:
  link line regex: [^( *|.*[/\])(ld|ld|collect2)[^/\]*( |$)]
  ignore line: [Change Dir: /home/lambda2/Developpement/c++/Qt/VAE/Sources/Ogre/CMakeFiles/CMakeTmp]
  ignore line: []
  ignore line: [Run Build Command:/usr/bin/gmake "cmTryCompileExec2064572346/fast"]
  ignore line: [/usr/bin/gmake -f CMakeFiles/cmTryCompileExec2064572346.dir/build.make CMakeFiles/cmTryCompileExec2064572346.dir/build]
  ignore line: [gmake[1] : on entre dans le répertoire « /home/lambda2/Developpement/c++/Qt/VAE/Sources/Ogre/CMakeFiles/CMakeTmp »]
  ignore line: [/usr/bin/cmake -E cmake_progress_report /home/lambda2/Developpement/c++/Qt/VAE/Sources/Ogre/CMakeFiles/CMakeTmp/CMakeFiles 1]
  ignore line: [Building C object CMakeFiles/cmTryCompileExec2064572346.dir/CMakeCCompilerABI.c.o]
  ignore line: [/usr/lib64/ccache/gcc    -o CMakeFiles/cmTryCompileExec2064572346.dir/CMakeCCompilerABI.c.o   -c /usr/share/cmake/Modules/CMakeCCompilerABI.c]
  ignore line: [Linking C executable cmTryCompileExec2064572346]
  ignore line: [/usr/bin/cmake -E cmake_link_script CMakeFiles/cmTryCompileExec2064572346.dir/link.txt --verbose=1]
  ignore line: [/usr/lib64/ccache/gcc       -v CMakeFiles/cmTryCompileExec2064572346.dir/CMakeCCompilerABI.c.o  -o cmTryCompileExec2064572346 -rdynamic  ]
  ignore line: [Utilisation des specs internes.]
  ignore line: [COLLECT_GCC=/usr/bin/gcc]
  ignore line: [COLLECT_LTO_WRAPPER=/usr/libexec/gcc/x86_64-redhat-linux/4.7.2/lto-wrapper]
  ignore line: [Target: x86_64-redhat-linux]
  ignore line: [Configuré avec: ../configure --prefix=/usr --mandir=/usr/share/man --infodir=/usr/share/info --with-bugurl=http://bugzilla.redhat.com/bugzilla --enable-bootstrap --enable-shared --enable-threads=posix --enable-checking=release --disable-build-with-cxx --disable-build-poststage1-with-cxx --with-system-zlib --enable-__cxa_atexit --disable-libunwind-exceptions --enable-gnu-unique-object --enable-linker-build-id --with-linker-hash-style=gnu --enable-languages=c,c++,objc,obj-c++,java,fortran,ada,go,lto --enable-plugin --enable-initfini-array --enable-java-awt=gtk --disable-dssi --with-java-home=/usr/lib/jvm/java-1.5.0-gcj-1.5.0.0/jre --enable-libgcj-multifile --enable-java-maintainer-mode --with-ecj-jar=/usr/share/java/eclipse-ecj.jar --disable-libjava-multilib --with-ppl --with-cloog --with-tune=generic --with-arch_32=i686 --build=x86_64-redhat-linux]
  ignore line: [Modèle de thread: posix]
  ignore line: [gcc version 4.7.2 20120921 (Red Hat 4.7.2-2) (GCC) ]
  ignore line: [COMPILER_PATH=/usr/libexec/gcc/x86_64-redhat-linux/4.7.2/:/usr/libexec/gcc/x86_64-redhat-linux/4.7.2/:/usr/libexec/gcc/x86_64-redhat-linux/:/usr/lib/gcc/x86_64-redhat-linux/4.7.2/:/usr/lib/gcc/x86_64-redhat-linux/]
  ignore line: [LIBRARY_PATH=/usr/lib/gcc/x86_64-redhat-linux/4.7.2/:/usr/lib/gcc/x86_64-redhat-linux/4.7.2/../../../../lib64/:/lib/../lib64/:/usr/lib/../lib64/:/usr/lib/gcc/x86_64-redhat-linux/4.7.2/../../../:/lib/:/usr/lib/]
  ignore line: [COLLECT_GCC_OPTIONS='-v' '-o' 'cmTryCompileExec2064572346' '-rdynamic' '-mtune=generic' '-march=x86-64']
  link line: [ /usr/libexec/gcc/x86_64-redhat-linux/4.7.2/collect2 --build-id --no-add-needed --eh-frame-hdr --hash-style=gnu -m elf_x86_64 -export-dynamic -dynamic-linker /lib64/ld-linux-x86-64.so.2 -o cmTryCompileExec2064572346 /usr/lib/gcc/x86_64-redhat-linux/4.7.2/../../../../lib64/crt1.o /usr/lib/gcc/x86_64-redhat-linux/4.7.2/../../../../lib64/crti.o /usr/lib/gcc/x86_64-redhat-linux/4.7.2/crtbegin.o -L/usr/lib/gcc/x86_64-redhat-linux/4.7.2 -L/usr/lib/gcc/x86_64-redhat-linux/4.7.2/../../../../lib64 -L/lib/../lib64 -L/usr/lib/../lib64 -L/usr/lib/gcc/x86_64-redhat-linux/4.7.2/../../.. CMakeFiles/cmTryCompileExec2064572346.dir/CMakeCCompilerABI.c.o -lgcc --as-needed -lgcc_s --no-as-needed -lc -lgcc --as-needed -lgcc_s --no-as-needed /usr/lib/gcc/x86_64-redhat-linux/4.7.2/crtend.o /usr/lib/gcc/x86_64-redhat-linux/4.7.2/../../../../lib64/crtn.o]
    arg [/usr/libexec/gcc/x86_64-redhat-linux/4.7.2/collect2] ==> ignore
    arg [--build-id] ==> ignore
    arg [--no-add-needed] ==> ignore
    arg [--eh-frame-hdr] ==> ignore
    arg [--hash-style=gnu] ==> ignore
    arg [-m] ==> ignore
    arg [elf_x86_64] ==> ignore
    arg [-export-dynamic] ==> ignore
    arg [-dynamic-linker] ==> ignore
    arg [/lib64/ld-linux-x86-64.so.2] ==> ignore
    arg [-o] ==> ignore
    arg [cmTryCompileExec2064572346] ==> ignore
    arg [/usr/lib/gcc/x86_64-redhat-linux/4.7.2/../../../../lib64/crt1.o] ==> ignore
    arg [/usr/lib/gcc/x86_64-redhat-linux/4.7.2/../../../../lib64/crti.o] ==> ignore
    arg [/usr/lib/gcc/x86_64-redhat-linux/4.7.2/crtbegin.o] ==> ignore
    arg [-L/usr/lib/gcc/x86_64-redhat-linux/4.7.2] ==> dir [/usr/lib/gcc/x86_64-redhat-linux/4.7.2]
    arg [-L/usr/lib/gcc/x86_64-redhat-linux/4.7.2/../../../../lib64] ==> dir [/usr/lib/gcc/x86_64-redhat-linux/4.7.2/../../../../lib64]
    arg [-L/lib/../lib64] ==> dir [/lib/../lib64]
    arg [-L/usr/lib/../lib64] ==> dir [/usr/lib/../lib64]
    arg [-L/usr/lib/gcc/x86_64-redhat-linux/4.7.2/../../..] ==> dir [/usr/lib/gcc/x86_64-redhat-linux/4.7.2/../../..]
    arg [CMakeFiles/cmTryCompileExec2064572346.dir/CMakeCCompilerABI.c.o] ==> ignore
    arg [-lgcc] ==> lib [gcc]
    arg [--as-needed] ==> ignore
    arg [-lgcc_s] ==> lib [gcc_s]
    arg [--no-as-needed] ==> ignore
    arg [-lc] ==> lib [c]
    arg [-lgcc] ==> lib [gcc]
    arg [--as-needed] ==> ignore
    arg [-lgcc_s] ==> lib [gcc_s]
    arg [--no-as-needed] ==> ignore
    arg [/usr/lib/gcc/x86_64-redhat-linux/4.7.2/crtend.o] ==> ignore
    arg [/usr/lib/gcc/x86_64-redhat-linux/4.7.2/../../../../lib64/crtn.o] ==> ignore
  remove lib [gcc]
  remove lib [gcc_s]
  remove lib [gcc]
  remove lib [gcc_s]
  collapse dir [/usr/lib/gcc/x86_64-redhat-linux/4.7.2] ==> [/usr/lib/gcc/x86_64-redhat-linux/4.7.2]
  collapse dir [/usr/lib/gcc/x86_64-redhat-linux/4.7.2/../../../../lib64] ==> [/usr/lib64]
  collapse dir [/lib/../lib64] ==> [/lib64]
  collapse dir [/usr/lib/../lib64] ==> [/usr/lib64]
  collapse dir [/usr/lib/gcc/x86_64-redhat-linux/4.7.2/../../..] ==> [/usr/lib]
  implicit libs: [c]
  implicit dirs: [/usr/lib/gcc/x86_64-redhat-linux/4.7.2;/usr/lib64;/lib64;/usr/lib]


Determining if the CXX compiler works passed with the following output:
Change Dir: /home/lambda2/Developpement/c++/Qt/VAE/Sources/Ogre/CMakeFiles/CMakeTmp

Run Build Command:/usr/bin/gmake "cmTryCompileExec1160902190/fast"
/usr/bin/gmake -f CMakeFiles/cmTryCompileExec1160902190.dir/build.make CMakeFiles/cmTryCompileExec1160902190.dir/build
gmake[1] : on entre dans le répertoire « /home/lambda2/Developpement/c++/Qt/VAE/Sources/Ogre/CMakeFiles/CMakeTmp »
/usr/bin/cmake -E cmake_progress_report /home/lambda2/Developpement/c++/Qt/VAE/Sources/Ogre/CMakeFiles/CMakeTmp/CMakeFiles 1
Building CXX object CMakeFiles/cmTryCompileExec1160902190.dir/testCXXCompiler.cxx.o
/usr/lib64/ccache/c++     -o CMakeFiles/cmTryCompileExec1160902190.dir/testCXXCompiler.cxx.o -c /home/lambda2/Developpement/c++/Qt/VAE/Sources/Ogre/CMakeFiles/CMakeTmp/testCXXCompiler.cxx
Linking CXX executable cmTryCompileExec1160902190
/usr/bin/cmake -E cmake_link_script CMakeFiles/cmTryCompileExec1160902190.dir/link.txt --verbose=1
/usr/lib64/ccache/c++          CMakeFiles/cmTryCompileExec1160902190.dir/testCXXCompiler.cxx.o  -o cmTryCompileExec1160902190 -rdynamic 
gmake[1] : on quitte le répertoire « /home/lambda2/Developpement/c++/Qt/VAE/Sources/Ogre/CMakeFiles/CMakeTmp »


Detecting CXX compiler ABI info compiled with the following output:
Change Dir: /home/lambda2/Developpement/c++/Qt/VAE/Sources/Ogre/CMakeFiles/CMakeTmp

Run Build Command:/usr/bin/gmake "cmTryCompileExec3210123821/fast"
/usr/bin/gmake -f CMakeFiles/cmTryCompileExec3210123821.dir/build.make CMakeFiles/cmTryCompileExec3210123821.dir/build
gmake[1] : on entre dans le répertoire « /home/lambda2/Developpement/c++/Qt/VAE/Sources/Ogre/CMakeFiles/CMakeTmp »
/usr/bin/cmake -E cmake_progress_report /home/lambda2/Developpement/c++/Qt/VAE/Sources/Ogre/CMakeFiles/CMakeTmp/CMakeFiles 1
Building CXX object CMakeFiles/cmTryCompileExec3210123821.dir/CMakeCXXCompilerABI.cpp.o
/usr/lib64/ccache/c++     -o CMakeFiles/cmTryCompileExec3210123821.dir/CMakeCXXCompilerABI.cpp.o -c /usr/share/cmake/Modules/CMakeCXXCompilerABI.cpp
Linking CXX executable cmTryCompileExec3210123821
/usr/bin/cmake -E cmake_link_script CMakeFiles/cmTryCompileExec3210123821.dir/link.txt --verbose=1
/usr/lib64/ccache/c++        -v CMakeFiles/cmTryCompileExec3210123821.dir/CMakeCXXCompilerABI.cpp.o  -o cmTryCompileExec3210123821 -rdynamic  
Utilisation des specs internes.
COLLECT_GCC=/usr/bin/c++
COLLECT_LTO_WRAPPER=/usr/libexec/gcc/x86_64-redhat-linux/4.7.2/lto-wrapper
Target: x86_64-redhat-linux
Configuré avec: ../configure --prefix=/usr --mandir=/usr/share/man --infodir=/usr/share/info --with-bugurl=http://bugzilla.redhat.com/bugzilla --enable-bootstrap --enable-shared --enable-threads=posix --enable-checking=release --disable-build-with-cxx --disable-build-poststage1-with-cxx --with-system-zlib --enable-__cxa_atexit --disable-libunwind-exceptions --enable-gnu-unique-object --enable-linker-build-id --with-linker-hash-style=gnu --enable-languages=c,c++,objc,obj-c++,java,fortran,ada,go,lto --enable-plugin --enable-initfini-array --enable-java-awt=gtk --disable-dssi --with-java-home=/usr/lib/jvm/java-1.5.0-gcj-1.5.0.0/jre --enable-libgcj-multifile --enable-java-maintainer-mode --with-ecj-jar=/usr/share/java/eclipse-ecj.jar --disable-libjava-multilib --with-ppl --with-cloog --with-tune=generic --with-arch_32=i686 --build=x86_64-redhat-linux
Modèle de thread: posix
gcc version 4.7.2 20120921 (Red Hat 4.7.2-2) (GCC) 
COMPILER_PATH=/usr/libexec/gcc/x86_64-redhat-linux/4.7.2/:/usr/libexec/gcc/x86_64-redhat-linux/4.7.2/:/usr/libexec/gcc/x86_64-redhat-linux/:/usr/lib/gcc/x86_64-redhat-linux/4.7.2/:/usr/lib/gcc/x86_64-redhat-linux/
LIBRARY_PATH=/usr/lib/gcc/x86_64-redhat-linux/4.7.2/:/usr/lib/gcc/x86_64-redhat-linux/4.7.2/../../../../lib64/:/lib/../lib64/:/usr/lib/../lib64/:/usr/lib/gcc/x86_64-redhat-linux/4.7.2/../../../:/lib/:/usr/lib/
COLLECT_GCC_OPTIONS='-v' '-o' 'cmTryCompileExec3210123821' '-rdynamic' '-shared-libgcc' '-mtune=generic' '-march=x86-64'
 /usr/libexec/gcc/x86_64-redhat-linux/4.7.2/collect2 --build-id --no-add-needed --eh-frame-hdr --hash-style=gnu -m elf_x86_64 -export-dynamic -dynamic-linker /lib64/ld-linux-x86-64.so.2 -o cmTryCompileExec3210123821 /usr/lib/gcc/x86_64-redhat-linux/4.7.2/../../../../lib64/crt1.o /usr/lib/gcc/x86_64-redhat-linux/4.7.2/../../../../lib64/crti.o /usr/lib/gcc/x86_64-redhat-linux/4.7.2/crtbegin.o -L/usr/lib/gcc/x86_64-redhat-linux/4.7.2 -L/usr/lib/gcc/x86_64-redhat-linux/4.7.2/../../../../lib64 -L/lib/../lib64 -L/usr/lib/../lib64 -L/usr/lib/gcc/x86_64-redhat-linux/4.7.2/../../.. CMakeFiles/cmTryCompileExec3210123821.dir/CMakeCXXCompilerABI.cpp.o -lstdc++ -lm -lgcc_s -lgcc -lc -lgcc_s -lgcc /usr/lib/gcc/x86_64-redhat-linux/4.7.2/crtend.o /usr/lib/gcc/x86_64-redhat-linux/4.7.2/../../../../lib64/crtn.o
gmake[1] : on quitte le répertoire « /home/lambda2/Developpement/c++/Qt/VAE/Sources/Ogre/CMakeFiles/CMakeTmp »


Parsed CXX implicit link information from above output:
  link line regex: [^( *|.*[/\])(ld|ld|collect2)[^/\]*( |$)]
  ignore line: [Change Dir: /home/lambda2/Developpement/c++/Qt/VAE/Sources/Ogre/CMakeFiles/CMakeTmp]
  ignore line: []
  ignore line: [Run Build Command:/usr/bin/gmake "cmTryCompileExec3210123821/fast"]
  ignore line: [/usr/bin/gmake -f CMakeFiles/cmTryCompileExec3210123821.dir/build.make CMakeFiles/cmTryCompileExec3210123821.dir/build]
  ignore line: [gmake[1] : on entre dans le répertoire « /home/lambda2/Developpement/c++/Qt/VAE/Sources/Ogre/CMakeFiles/CMakeTmp »]
  ignore line: [/usr/bin/cmake -E cmake_progress_report /home/lambda2/Developpement/c++/Qt/VAE/Sources/Ogre/CMakeFiles/CMakeTmp/CMakeFiles 1]
  ignore line: [Building CXX object CMakeFiles/cmTryCompileExec3210123821.dir/CMakeCXXCompilerABI.cpp.o]
  ignore line: [/usr/lib64/ccache/c++     -o CMakeFiles/cmTryCompileExec3210123821.dir/CMakeCXXCompilerABI.cpp.o -c /usr/share/cmake/Modules/CMakeCXXCompilerABI.cpp]
  ignore line: [Linking CXX executable cmTryCompileExec3210123821]
  ignore line: [/usr/bin/cmake -E cmake_link_script CMakeFiles/cmTryCompileExec3210123821.dir/link.txt --verbose=1]
  ignore line: [/usr/lib64/ccache/c++        -v CMakeFiles/cmTryCompileExec3210123821.dir/CMakeCXXCompilerABI.cpp.o  -o cmTryCompileExec3210123821 -rdynamic  ]
  ignore line: [Utilisation des specs internes.]
  ignore line: [COLLECT_GCC=/usr/bin/c++]
  ignore line: [COLLECT_LTO_WRAPPER=/usr/libexec/gcc/x86_64-redhat-linux/4.7.2/lto-wrapper]
  ignore line: [Target: x86_64-redhat-linux]
  ignore line: [Configuré avec: ../configure --prefix=/usr --mandir=/usr/share/man --infodir=/usr/share/info --with-bugurl=http://bugzilla.redhat.com/bugzilla --enable-bootstrap --enable-shared --enable-threads=posix --enable-checking=release --disable-build-with-cxx --disable-build-poststage1-with-cxx --with-system-zlib --enable-__cxa_atexit --disable-libunwind-exceptions --enable-gnu-unique-object --enable-linker-build-id --with-linker-hash-style=gnu --enable-languages=c,c++,objc,obj-c++,java,fortran,ada,go,lto --enable-plugin --enable-initfini-array --enable-java-awt=gtk --disable-dssi --with-java-home=/usr/lib/jvm/java-1.5.0-gcj-1.5.0.0/jre --enable-libgcj-multifile --enable-java-maintainer-mode --with-ecj-jar=/usr/share/java/eclipse-ecj.jar --disable-libjava-multilib --with-ppl --with-cloog --with-tune=generic --with-arch_32=i686 --build=x86_64-redhat-linux]
  ignore line: [Modèle de thread: posix]
  ignore line: [gcc version 4.7.2 20120921 (Red Hat 4.7.2-2) (GCC) ]
  ignore line: [COMPILER_PATH=/usr/libexec/gcc/x86_64-redhat-linux/4.7.2/:/usr/libexec/gcc/x86_64-redhat-linux/4.7.2/:/usr/libexec/gcc/x86_64-redhat-linux/:/usr/lib/gcc/x86_64-redhat-linux/4.7.2/:/usr/lib/gcc/x86_64-redhat-linux/]
  ignore line: [LIBRARY_PATH=/usr/lib/gcc/x86_64-redhat-linux/4.7.2/:/usr/lib/gcc/x86_64-redhat-linux/4.7.2/../../../../lib64/:/lib/../lib64/:/usr/lib/../lib64/:/usr/lib/gcc/x86_64-redhat-linux/4.7.2/../../../:/lib/:/usr/lib/]
  ignore line: [COLLECT_GCC_OPTIONS='-v' '-o' 'cmTryCompileExec3210123821' '-rdynamic' '-shared-libgcc' '-mtune=generic' '-march=x86-64']
  link line: [ /usr/libexec/gcc/x86_64-redhat-linux/4.7.2/collect2 --build-id --no-add-needed --eh-frame-hdr --hash-style=gnu -m elf_x86_64 -export-dynamic -dynamic-linker /lib64/ld-linux-x86-64.so.2 -o cmTryCompileExec3210123821 /usr/lib/gcc/x86_64-redhat-linux/4.7.2/../../../../lib64/crt1.o /usr/lib/gcc/x86_64-redhat-linux/4.7.2/../../../../lib64/crti.o /usr/lib/gcc/x86_64-redhat-linux/4.7.2/crtbegin.o -L/usr/lib/gcc/x86_64-redhat-linux/4.7.2 -L/usr/lib/gcc/x86_64-redhat-linux/4.7.2/../../../../lib64 -L/lib/../lib64 -L/usr/lib/../lib64 -L/usr/lib/gcc/x86_64-redhat-linux/4.7.2/../../.. CMakeFiles/cmTryCompileExec3210123821.dir/CMakeCXXCompilerABI.cpp.o -lstdc++ -lm -lgcc_s -lgcc -lc -lgcc_s -lgcc /usr/lib/gcc/x86_64-redhat-linux/4.7.2/crtend.o /usr/lib/gcc/x86_64-redhat-linux/4.7.2/../../../../lib64/crtn.o]
    arg [/usr/libexec/gcc/x86_64-redhat-linux/4.7.2/collect2] ==> ignore
    arg [--build-id] ==> ignore
    arg [--no-add-needed] ==> ignore
    arg [--eh-frame-hdr] ==> ignore
    arg [--hash-style=gnu] ==> ignore
    arg [-m] ==> ignore
    arg [elf_x86_64] ==> ignore
    arg [-export-dynamic] ==> ignore
    arg [-dynamic-linker] ==> ignore
    arg [/lib64/ld-linux-x86-64.so.2] ==> ignore
    arg [-o] ==> ignore
    arg [cmTryCompileExec3210123821] ==> ignore
    arg [/usr/lib/gcc/x86_64-redhat-linux/4.7.2/../../../../lib64/crt1.o] ==> ignore
    arg [/usr/lib/gcc/x86_64-redhat-linux/4.7.2/../../../../lib64/crti.o] ==> ignore
    arg [/usr/lib/gcc/x86_64-redhat-linux/4.7.2/crtbegin.o] ==> ignore
    arg [-L/usr/lib/gcc/x86_64-redhat-linux/4.7.2] ==> dir [/usr/lib/gcc/x86_64-redhat-linux/4.7.2]
    arg [-L/usr/lib/gcc/x86_64-redhat-linux/4.7.2/../../../../lib64] ==> dir [/usr/lib/gcc/x86_64-redhat-linux/4.7.2/../../../../lib64]
    arg [-L/lib/../lib64] ==> dir [/lib/../lib64]
    arg [-L/usr/lib/../lib64] ==> dir [/usr/lib/../lib64]
    arg [-L/usr/lib/gcc/x86_64-redhat-linux/4.7.2/../../..] ==> dir [/usr/lib/gcc/x86_64-redhat-linux/4.7.2/../../..]
    arg [CMakeFiles/cmTryCompileExec3210123821.dir/CMakeCXXCompilerABI.cpp.o] ==> ignore
    arg [-lstdc++] ==> lib [stdc++]
    arg [-lm] ==> lib [m]
    arg [-lgcc_s] ==> lib [gcc_s]
    arg [-lgcc] ==> lib [gcc]
    arg [-lc] ==> lib [c]
    arg [-lgcc_s] ==> lib [gcc_s]
    arg [-lgcc] ==> lib [gcc]
    arg [/usr/lib/gcc/x86_64-redhat-linux/4.7.2/crtend.o] ==> ignore
    arg [/usr/lib/gcc/x86_64-redhat-linux/4.7.2/../../../../lib64/crtn.o] ==> ignore
  remove lib [gcc_s]
  remove lib [gcc]
  remove lib [gcc_s]
  remove lib [gcc]
  collapse dir [/usr/lib/gcc/x86_64-redhat-linux/4.7.2] ==> [/usr/lib/gcc/x86_64-redhat-linux/4.7.2]
  collapse dir [/usr/lib/gcc/x86_64-redhat-linux/4.7.2/../../../../lib64] ==> [/usr/lib64]
  collapse dir [/lib/../lib64] ==> [/lib64]
  collapse dir [/usr/lib/../lib64] ==> [/usr/lib64]
  collapse dir [/usr/lib/gcc/x86_64-redhat-linux/4.7.2/../../..] ==> [/usr/lib]
  implicit libs: [stdc++;m;c]
  implicit dirs: [/usr/lib/gcc/x86_64-redhat-linux/4.7.2;/usr/lib64;/lib64;/usr/lib]


Determining size of void* passed with the following output:
Change Dir: /home/lambda2/Developpement/c++/Qt/VAE/Sources/Ogre/CMakeFiles/CMakeTmp

Run Build Command:/usr/bin/gmake "cmTryCompileExec3549719455/fast"
/usr/bin/gmake -f CMakeFiles/cmTryCompileExec3549719455.dir/build.make CMakeFiles/cmTryCompileExec3549719455.dir/build
gmake[1] : on entre dans le répertoire « /home/lambda2/Developpement/c++/Qt/VAE/Sources/Ogre/CMakeFiles/CMakeTmp »
/usr/bin/cmake -E cmake_progress_report /home/lambda2/Developpement/c++/Qt/VAE/Sources/Ogre/CMakeFiles/CMakeTmp/CMakeFiles 1
Building C object CMakeFiles/cmTryCompileExec3549719455.dir/OGRE_PTR_SIZE.c.o
/usr/lib64/ccache/gcc    -o CMakeFiles/cmTryCompileExec3549719455.dir/OGRE_PTR_SIZE.c.o   -c /home/lambda2/Developpement/c++/Qt/VAE/Sources/Ogre/CMakeFiles/CheckTypeSize/OGRE_PTR_SIZE.c
Linking C executable cmTryCompileExec3549719455
/usr/bin/cmake -E cmake_link_script CMakeFiles/cmTryCompileExec3549719455.dir/link.txt --verbose=1
/usr/lib64/ccache/gcc         CMakeFiles/cmTryCompileExec3549719455.dir/OGRE_PTR_SIZE.c.o  -o cmTryCompileExec3549719455 -rdynamic 
gmake[1] : on quitte le répertoire « /home/lambda2/Developpement/c++/Qt/VAE/Sources/Ogre/CMakeFiles/CMakeTmp »


Performing C++ SOURCE FILE Test OGRE_GCC_HAS_SSE succeded with the following output:
Change Dir: /home/lambda2/Developpement/c++/Qt/VAE/Sources/Ogre/CMakeFiles/CMakeTmp

Run Build Command:/usr/bin/gmake "cmTryCompileExec295941818/fast"
/usr/bin/gmake -f CMakeFiles/cmTryCompileExec295941818.dir/build.make CMakeFiles/cmTryCompileExec295941818.dir/build
gmake[1] : on entre dans le répertoire « /home/lambda2/Developpement/c++/Qt/VAE/Sources/Ogre/CMakeFiles/CMakeTmp »
/usr/bin/cmake -E cmake_progress_report /home/lambda2/Developpement/c++/Qt/VAE/Sources/Ogre/CMakeFiles/CMakeTmp/CMakeFiles 1
Building CXX object CMakeFiles/cmTryCompileExec295941818.dir/src.cxx.o
/usr/lib64/ccache/c++    -DOGRE_GCC_HAS_SSE   -msse -o CMakeFiles/cmTryCompileExec295941818.dir/src.cxx.o -c /home/lambda2/Developpement/c++/Qt/VAE/Sources/Ogre/CMakeFiles/CMakeTmp/src.cxx
Linking CXX executable cmTryCompileExec295941818
/usr/bin/cmake -E cmake_link_script CMakeFiles/cmTryCompileExec295941818.dir/link.txt --verbose=1
/usr/lib64/ccache/c++      -DOGRE_GCC_HAS_SSE    CMakeFiles/cmTryCompileExec295941818.dir/src.cxx.o  -o cmTryCompileExec295941818 -rdynamic 
gmake[1] : on quitte le répertoire « /home/lambda2/Developpement/c++/Qt/VAE/Sources/Ogre/CMakeFiles/CMakeTmp »

Source file was:
int main() { return 0;}
Performing C++ SOURCE FILE Test OGRE_GCC_VISIBILITY succeded with the following output:
Change Dir: /home/lambda2/Developpement/c++/Qt/VAE/Sources/Ogre/CMakeFiles/CMakeTmp

Run Build Command:/usr/bin/gmake "cmTryCompileExec3147082590/fast"
/usr/bin/gmake -f CMakeFiles/cmTryCompileExec3147082590.dir/build.make CMakeFiles/cmTryCompileExec3147082590.dir/build
gmake[1] : on entre dans le répertoire « /home/lambda2/Developpement/c++/Qt/VAE/Sources/Ogre/CMakeFiles/CMakeTmp »
/usr/bin/cmake -E cmake_progress_report /home/lambda2/Developpement/c++/Qt/VAE/Sources/Ogre/CMakeFiles/CMakeTmp/CMakeFiles 1
Building CXX object CMakeFiles/cmTryCompileExec3147082590.dir/src.cxx.o
/usr/lib64/ccache/c++    -msse -Wno-deprecated -Wall -Wctor-dtor-privacy -Winit-self -Wno-overloaded-virtual -Wcast-qual -Wwrite-strings -Wextra -Wno-unused-parameter -pedantic -Wshadow -Wno-missing-field-initializers -Wno-long-long -Wno-unused-but-set-parameter  -DOGRE_GCC_VISIBILITY   -fvisibility=hidden -o CMakeFiles/cmTryCompileExec3147082590.dir/src.cxx.o -c /home/lambda2/Developpement/c++/Qt/VAE/Sources/Ogre/CMakeFiles/CMakeTmp/src.cxx
Linking CXX executable cmTryCompileExec3147082590
/usr/bin/cmake -E cmake_link_script CMakeFiles/cmTryCompileExec3147082590.dir/link.txt --verbose=1
/usr/lib64/ccache/c++     -msse -Wno-deprecated -Wall -Wctor-dtor-privacy -Winit-self -Wno-overloaded-virtual -Wcast-qual -Wwrite-strings -Wextra -Wno-unused-parameter -pedantic -Wshadow -Wno-missing-field-initializers -Wno-long-long -Wno-unused-but-set-parameter  -DOGRE_GCC_VISIBILITY    CMakeFiles/cmTryCompileExec3147082590.dir/src.cxx.o  -o cmTryCompileExec3147082590 -rdynamic 
gmake[1] : on quitte le répertoire « /home/lambda2/Developpement/c++/Qt/VAE/Sources/Ogre/CMakeFiles/CMakeTmp »

Source file was:
int main() { return 0;}
Determining if the include file sys/types.h exists passed with the following output:
Change Dir: /home/lambda2/Developpement/c++/Qt/VAE/Sources/Ogre/CMakeFiles/CMakeTmp

Run Build Command:/usr/bin/gmake "cmTryCompileExec1810476796/fast"
/usr/bin/gmake -f CMakeFiles/cmTryCompileExec1810476796.dir/build.make CMakeFiles/cmTryCompileExec1810476796.dir/build
gmake[1] : on entre dans le répertoire « /home/lambda2/Developpement/c++/Qt/VAE/Sources/Ogre/CMakeFiles/CMakeTmp »
/usr/bin/cmake -E cmake_progress_report /home/lambda2/Developpement/c++/Qt/VAE/Sources/Ogre/CMakeFiles/CMakeTmp/CMakeFiles 1
Building C object CMakeFiles/cmTryCompileExec1810476796.dir/CheckIncludeFile.c.o
/usr/lib64/ccache/gcc    -o CMakeFiles/cmTryCompileExec1810476796.dir/CheckIncludeFile.c.o   -c /home/lambda2/Developpement/c++/Qt/VAE/Sources/Ogre/CMakeFiles/CMakeTmp/CheckIncludeFile.c
Linking C executable cmTryCompileExec1810476796
/usr/bin/cmake -E cmake_link_script CMakeFiles/cmTryCompileExec1810476796.dir/link.txt --verbose=1
/usr/lib64/ccache/gcc         CMakeFiles/cmTryCompileExec1810476796.dir/CheckIncludeFile.c.o  -o cmTryCompileExec1810476796 -rdynamic 
gmake[1] : on quitte le répertoire « /home/lambda2/Developpement/c++/Qt/VAE/Sources/Ogre/CMakeFiles/CMakeTmp »


Determining if the include file stdint.h exists passed with the following output:
Change Dir: /home/lambda2/Developpement/c++/Qt/VAE/Sources/Ogre/CMakeFiles/CMakeTmp

Run Build Command:/usr/bin/gmake "cmTryCompileExec2225129531/fast"
/usr/bin/gmake -f CMakeFiles/cmTryCompileExec2225129531.dir/build.make CMakeFiles/cmTryCompileExec2225129531.dir/build
gmake[1] : on entre dans le répertoire « /home/lambda2/Developpement/c++/Qt/VAE/Sources/Ogre/CMakeFiles/CMakeTmp »
/usr/bin/cmake -E cmake_progress_report /home/lambda2/Developpement/c++/Qt/VAE/Sources/Ogre/CMakeFiles/CMakeTmp/CMakeFiles 1
Building C object CMakeFiles/cmTryCompileExec2225129531.dir/CheckIncludeFile.c.o
/usr/lib64/ccache/gcc    -o CMakeFiles/cmTryCompileExec2225129531.dir/CheckIncludeFile.c.o   -c /home/lambda2/Developpement/c++/Qt/VAE/Sources/Ogre/CMakeFiles/CMakeTmp/CheckIncludeFile.c
Linking C executable cmTryCompileExec2225129531
/usr/bin/cmake -E cmake_link_script CMakeFiles/cmTryCompileExec2225129531.dir/link.txt --verbose=1
/usr/lib64/ccache/gcc         CMakeFiles/cmTryCompileExec2225129531.dir/CheckIncludeFile.c.o  -o cmTryCompileExec2225129531 -rdynamic 
gmake[1] : on quitte le répertoire « /home/lambda2/Developpement/c++/Qt/VAE/Sources/Ogre/CMakeFiles/CMakeTmp »


Determining if the include file stddef.h exists passed with the following output:
Change Dir: /home/lambda2/Developpement/c++/Qt/VAE/Sources/Ogre/CMakeFiles/CMakeTmp

Run Build Command:/usr/bin/gmake "cmTryCompileExec4268541246/fast"
/usr/bin/gmake -f CMakeFiles/cmTryCompileExec4268541246.dir/build.make CMakeFiles/cmTryCompileExec4268541246.dir/build
gmake[1] : on entre dans le répertoire « /home/lambda2/Developpement/c++/Qt/VAE/Sources/Ogre/CMakeFiles/CMakeTmp »
/usr/bin/cmake -E cmake_progress_report /home/lambda2/Developpement/c++/Qt/VAE/Sources/Ogre/CMakeFiles/CMakeTmp/CMakeFiles 1
Building C object CMakeFiles/cmTryCompileExec4268541246.dir/CheckIncludeFile.c.o
/usr/lib64/ccache/gcc    -o CMakeFiles/cmTryCompileExec4268541246.dir/CheckIncludeFile.c.o   -c /home/lambda2/Developpement/c++/Qt/VAE/Sources/Ogre/CMakeFiles/CMakeTmp/CheckIncludeFile.c
Linking C executable cmTryCompileExec4268541246
/usr/bin/cmake -E cmake_link_script CMakeFiles/cmTryCompileExec4268541246.dir/link.txt --verbose=1
/usr/lib64/ccache/gcc         CMakeFiles/cmTryCompileExec4268541246.dir/CheckIncludeFile.c.o  -o cmTryCompileExec4268541246 -rdynamic 
gmake[1] : on quitte le répertoire « /home/lambda2/Developpement/c++/Qt/VAE/Sources/Ogre/CMakeFiles/CMakeTmp »


Determining size of unsigned short passed with the following output:
Change Dir: /home/lambda2/Developpement/c++/Qt/VAE/Sources/Ogre/CMakeFiles/CMakeTmp

Run Build Command:/usr/bin/gmake "cmTryCompileExec4174615710/fast"
/usr/bin/gmake -f CMakeFiles/cmTryCompileExec4174615710.dir/build.make CMakeFiles/cmTryCompileExec4174615710.dir/build
gmake[1] : on entre dans le répertoire « /home/lambda2/Developpement/c++/Qt/VAE/Sources/Ogre/CMakeFiles/CMakeTmp »
/usr/bin/cmake -E cmake_progress_report /home/lambda2/Developpement/c++/Qt/VAE/Sources/Ogre/CMakeFiles/CMakeTmp/CMakeFiles 1
Building C object CMakeFiles/cmTryCompileExec4174615710.dir/CMAKE_SIZEOF_UNSIGNED_SHORT.c.o
/usr/lib64/ccache/gcc    -o CMakeFiles/cmTryCompileExec4174615710.dir/CMAKE_SIZEOF_UNSIGNED_SHORT.c.o   -c /home/lambda2/Developpement/c++/Qt/VAE/Sources/Ogre/CMakeFiles/CheckTypeSize/CMAKE_SIZEOF_UNSIGNED_SHORT.c
Linking C executable cmTryCompileExec4174615710
/usr/bin/cmake -E cmake_link_script CMakeFiles/cmTryCompileExec4174615710.dir/link.txt --verbose=1
/usr/lib64/ccache/gcc         CMakeFiles/cmTryCompileExec4174615710.dir/CMAKE_SIZEOF_UNSIGNED_SHORT.c.o  -o cmTryCompileExec4174615710 -rdynamic 
gmake[1] : on quitte le répertoire « /home/lambda2/Developpement/c++/Qt/VAE/Sources/Ogre/CMakeFiles/CMakeTmp »


Determining if the function XOpenDisplay exists in the /usr/lib64/libX11.so;/usr/lib64/libXext.so passed with the following output:
Change Dir: /home/lambda2/Developpement/c++/Qt/VAE/Sources/Ogre/CMakeFiles/CMakeTmp

Run Build Command:/usr/bin/gmake "cmTryCompileExec2963504194/fast"
/usr/bin/gmake -f CMakeFiles/cmTryCompileExec2963504194.dir/build.make CMakeFiles/cmTryCompileExec2963504194.dir/build
gmake[1] : on entre dans le répertoire « /home/lambda2/Developpement/c++/Qt/VAE/Sources/Ogre/CMakeFiles/CMakeTmp »
/usr/bin/cmake -E cmake_progress_report /home/lambda2/Developpement/c++/Qt/VAE/Sources/Ogre/CMakeFiles/CMakeTmp/CMakeFiles 1
Building C object CMakeFiles/cmTryCompileExec2963504194.dir/CheckFunctionExists.c.o
/usr/lib64/ccache/gcc   -DCHECK_FUNCTION_EXISTS=XOpenDisplay   -o CMakeFiles/cmTryCompileExec2963504194.dir/CheckFunctionExists.c.o   -c /usr/share/cmake/Modules/CheckFunctionExists.c
Linking C executable cmTryCompileExec2963504194
/usr/bin/cmake -E cmake_link_script CMakeFiles/cmTryCompileExec2963504194.dir/link.txt --verbose=1
/usr/lib64/ccache/gcc     -DCHECK_FUNCTION_EXISTS=XOpenDisplay    CMakeFiles/cmTryCompileExec2963504194.dir/CheckFunctionExists.c.o  -o cmTryCompileExec2963504194 -rdynamic -lX11 -lXext 
gmake[1] : on quitte le répertoire « /home/lambda2/Developpement/c++/Qt/VAE/Sources/Ogre/CMakeFiles/CMakeTmp »


Determining if the function gethostbyname exists passed with the following output:
Change Dir: /home/lambda2/Developpement/c++/Qt/VAE/Sources/Ogre/CMakeFiles/CMakeTmp

Run Build Command:/usr/bin/gmake "cmTryCompileExec2327917195/fast"
/usr/bin/gmake -f CMakeFiles/cmTryCompileExec2327917195.dir/build.make CMakeFiles/cmTryCompileExec2327917195.dir/build
gmake[1] : on entre dans le répertoire « /home/lambda2/Developpement/c++/Qt/VAE/Sources/Ogre/CMakeFiles/CMakeTmp »
/usr/bin/cmake -E cmake_progress_report /home/lambda2/Developpement/c++/Qt/VAE/Sources/Ogre/CMakeFiles/CMakeTmp/CMakeFiles 1
Building C object CMakeFiles/cmTryCompileExec2327917195.dir/CheckFunctionExists.c.o
/usr/lib64/ccache/gcc   -DCHECK_FUNCTION_EXISTS=gethostbyname   -o CMakeFiles/cmTryCompileExec2327917195.dir/CheckFunctionExists.c.o   -c /usr/share/cmake/Modules/CheckFunctionExists.c
Linking C executable cmTryCompileExec2327917195
/usr/bin/cmake -E cmake_link_script CMakeFiles/cmTryCompileExec2327917195.dir/link.txt --verbose=1
/usr/lib64/ccache/gcc     -DCHECK_FUNCTION_EXISTS=gethostbyname    CMakeFiles/cmTryCompileExec2327917195.dir/CheckFunctionExists.c.o  -o cmTryCompileExec2327917195 -rdynamic 
gmake[1] : on quitte le répertoire « /home/lambda2/Developpement/c++/Qt/VAE/Sources/Ogre/CMakeFiles/CMakeTmp »


Determining if the function connect exists passed with the following output:
Change Dir: /home/lambda2/Developpement/c++/Qt/VAE/Sources/Ogre/CMakeFiles/CMakeTmp

Run Build Command:/usr/bin/gmake "cmTryCompileExec2059035987/fast"
/usr/bin/gmake -f CMakeFiles/cmTryCompileExec2059035987.dir/build.make CMakeFiles/cmTryCompileExec2059035987.dir/build
gmake[1] : on entre dans le répertoire « /home/lambda2/Developpement/c++/Qt/VAE/Sources/Ogre/CMakeFiles/CMakeTmp »
/usr/bin/cmake -E cmake_progress_report /home/lambda2/Developpement/c++/Qt/VAE/Sources/Ogre/CMakeFiles/CMakeTmp/CMakeFiles 1
Building C object CMakeFiles/cmTryCompileExec2059035987.dir/CheckFunctionExists.c.o
/usr/lib64/ccache/gcc   -DCHECK_FUNCTION_EXISTS=connect   -o CMakeFiles/cmTryCompileExec2059035987.dir/CheckFunctionExists.c.o   -c /usr/share/cmake/Modules/CheckFunctionExists.c
Linking C executable cmTryCompileExec2059035987
/usr/bin/cmake -E cmake_link_script CMakeFiles/cmTryCompileExec2059035987.dir/link.txt --verbose=1
/usr/lib64/ccache/gcc     -DCHECK_FUNCTION_EXISTS=connect    CMakeFiles/cmTryCompileExec2059035987.dir/CheckFunctionExists.c.o  -o cmTryCompileExec2059035987 -rdynamic 
gmake[1] : on quitte le répertoire « /home/lambda2/Developpement/c++/Qt/VAE/Sources/Ogre/CMakeFiles/CMakeTmp »


Determining if the function remove exists passed with the following output:
Change Dir: /home/lambda2/Developpement/c++/Qt/VAE/Sources/Ogre/CMakeFiles/CMakeTmp

Run Build Command:/usr/bin/gmake "cmTryCompileExec3234813719/fast"
/usr/bin/gmake -f CMakeFiles/cmTryCompileExec3234813719.dir/build.make CMakeFiles/cmTryCompileExec3234813719.dir/build
gmake[1] : on entre dans le répertoire « /home/lambda2/Developpement/c++/Qt/VAE/Sources/Ogre/CMakeFiles/CMakeTmp »
/usr/bin/cmake -E cmake_progress_report /home/lambda2/Developpement/c++/Qt/VAE/Sources/Ogre/CMakeFiles/CMakeTmp/CMakeFiles 1
Building C object CMakeFiles/cmTryCompileExec3234813719.dir/CheckFunctionExists.c.o
/usr/lib64/ccache/gcc   -DCHECK_FUNCTION_EXISTS=remove   -o CMakeFiles/cmTryCompileExec3234813719.dir/CheckFunctionExists.c.o   -c /usr/share/cmake/Modules/CheckFunctionExists.c
Linking C executable cmTryCompileExec3234813719
/usr/bin/cmake -E cmake_link_script CMakeFiles/cmTryCompileExec3234813719.dir/link.txt --verbose=1
/usr/lib64/ccache/gcc     -DCHECK_FUNCTION_EXISTS=remove    CMakeFiles/cmTryCompileExec3234813719.dir/CheckFunctionExists.c.o  -o cmTryCompileExec3234813719 -rdynamic 
gmake[1] : on quitte le répertoire « /home/lambda2/Developpement/c++/Qt/VAE/Sources/Ogre/CMakeFiles/CMakeTmp »


Determining if the function shmat exists passed with the following output:
Change Dir: /home/lambda2/Developpement/c++/Qt/VAE/Sources/Ogre/CMakeFiles/CMakeTmp

Run Build Command:/usr/bin/gmake "cmTryCompileExec84457182/fast"
/usr/bin/gmake -f CMakeFiles/cmTryCompileExec84457182.dir/build.make CMakeFiles/cmTryCompileExec84457182.dir/build
gmake[1] : on entre dans le répertoire « /home/lambda2/Developpement/c++/Qt/VAE/Sources/Ogre/CMakeFiles/CMakeTmp »
/usr/bin/cmake -E cmake_progress_report /home/lambda2/Developpement/c++/Qt/VAE/Sources/Ogre/CMakeFiles/CMakeTmp/CMakeFiles 1
Building C object CMakeFiles/cmTryCompileExec84457182.dir/CheckFunctionExists.c.o
/usr/lib64/ccache/gcc   -DCHECK_FUNCTION_EXISTS=shmat   -o CMakeFiles/cmTryCompileExec84457182.dir/CheckFunctionExists.c.o   -c /usr/share/cmake/Modules/CheckFunctionExists.c
Linking C executable cmTryCompileExec84457182
/usr/bin/cmake -E cmake_link_script CMakeFiles/cmTryCompileExec84457182.dir/link.txt --verbose=1
/usr/lib64/ccache/gcc     -DCHECK_FUNCTION_EXISTS=shmat    CMakeFiles/cmTryCompileExec84457182.dir/CheckFunctionExists.c.o  -o cmTryCompileExec84457182 -rdynamic 
gmake[1] : on quitte le répertoire « /home/lambda2/Developpement/c++/Qt/VAE/Sources/Ogre/CMakeFiles/CMakeTmp »


